1604397592345	mozrunner::runner	INFO	Running command: "/usr/bin/firefox" "-marionette" "-foreground" "-no-remote" "-profile" "/tmp/rust_mozprofile.kZ3GcQOeUJsP"
console.info: MINT: Trying to use the system region (based on LANG).
console.info: MINT: System region is IN
console.warn: SearchSettings: "get: No settings file exists, new profile?" (new Error("", "(unknown module)"))
1604397595149	Marionette	INFO	Listening on port 43155
1604397595176	Marionette	WARN	TLS certificate errors will be ignored for this session
console.info: MINT: Loading search-config defaults.
JavaScript error: resource://gre/modules/TelemetryUtils.jsm, line 161: TypeError: date is undefined
JavaScript error: https://www.frieze.com/ line 590 > injectedScript, line 1: ReferenceError: Optanon is not defined
JavaScript error: , line 0: uncaught exception: undefined
JavaScript error: https://s3.amazonaws.com/downloads.mailchimp.com/js/signup-forms/popup/embed.js, line 2: Error: xhrFailed
JavaScript error: , line 0: uncaught exception: undefined
JavaScript warning: https://ajax.googleapis.com/ajax/libs/jquery/1.10.2/jquery.min.js, line 2: Using //@ to indicate sourceMappingURL pragmas is deprecated. Use //# instead
JavaScript error: https://connect.facebook.net/en_US/sdk.js?hash=c2bb7da3af29da7997dd1e257777d0cb, line 59: uncaught exception: Error: invalid version specified
JavaScript error: , line 0: uncaught exception: undefined
JavaScript error: , line 0: uncaught exception: undefined
JavaScript warning: http://artfcity.com/wp-content/plugins/gallery-slideshow/jquery.cycle2.min.js?ver=2.1.3, line 16: Using //@ to indicate sourceMappingURL pragmas is deprecated. Use //# instead
JavaScript error: https://www.podbean.com/media/player/kw3ph-d9ca70?from=yiiadmin&download=1&version=1&skin=1&btn-skin=107&auto=0&share=1&fonts=Helvetica&download=1&rtl=0&pbad=1 line 1 > injectedScript, line 57: ReferenceError: init is not defined
JavaScript error: , line 0: uncaught exception: 7
JavaScript error: , line 0: uncaught exception: undefined
JavaScript error: , line 0: TypeError: NetworkError when attempting to fetch resource.
JavaScript error: https://d1s2w0upia4e9w.cloudfront.net/assets/common.22820.ce5d21672dac87c0ce03.js, line 2: Error: Request has been terminated
Possible causes: the network is offline, Origin is not allowed by Access-Control-Allow-Origin, the page is being unloaded, etc.
JavaScript error: https://accounts.google.com/o/oauth2/iframe#origin=https%3A%2F%2Fdisqus.com&rpcToken=1157302959.1203754&clearCache=1, line 1: ReferenceError: lso is not defined
JavaScript error: https://s7.addthis.com/js/300/addthis_widget.js#pubid=ra-5a3f668fc7d913b3, line 70: ReferenceError: _atr is not defined
JavaScript error: https://s7.addthis.com/js/300/addthis_widget.js#pubid=ra-5a3f668fc7d913b3, line 70: ReferenceError: _ate is not defined
JavaScript error: https://s7.addthis.com/js/300/addthis_widget.js#pubid=ra-5a3f668fc7d913b3, line 70: ReferenceError: _atr is not defined
JavaScript error: https://s7.addthis.com/js/300/addthis_widget.js#pubid=ra-5a3f668fc7d913b3, line 70: ReferenceError: _ate is not defined
JavaScript error: https://s7.addthis.com/js/300/addthis_widget.js#pubid=ra-5a3f668fc7d913b3, line 70: ReferenceError: _atr is not defined
JavaScript error: https://s7.addthis.com/js/300/addthis_widget.js#pubid=ra-5a3f668fc7d913b3, line 70: ReferenceError: _ate is not defined
JavaScript error: https://s7.addthis.com/js/300/addthis_widget.js#pubid=ra-5a3f668fc7d913b3, line 70: ReferenceError: _atr is not defined
JavaScript error: https://s7.addthis.com/js/300/addthis_widget.js#pubid=ra-5a3f668fc7d913b3, line 70: ReferenceError: _ate is not defined
JavaScript error: https://v1.addthisedge.com/live/boost/ra-5a3f668fc7d913b3/_ate.track.config_resp, line 1: TypeError: _ate.track.config_resp is not a function
JavaScript error: https://m.addthis.com/live/red_lojson/300lo.json?si=5fa12b0f73a785d5&bkl=0&bl=1&pdt=19324&sid=5fa12b0f73a785d5&pub=ra-5a3f668fc7d913b3&rev=v8.28.7-wp&ln=en&pc=men&cb=0&ab=-&dp=www.pixpa.com&fp=blog%2Fartist-portfolio-websites&fr=&of=0&pd=0&irt=0&vcl=0&md=0&ct=1&tct=0&abt=0&cdn=0&pi=1&rb=0&gen=100&chr=UTF-8&colc=1604397839831&jsl=1&uvs=5fa12b0f2ef7e74f000&skipb=1&callback=addthis.cbs.jsonp__96616625286348560, line 1: TypeError: addthis.cbs.jsonp__96616625286348560 is not a function
JavaScript error: https://www.gstatic.com/mysidia/7c516c76f1fb366b17a3e9571831221c.js?tag=video_mra/web_fig_och, line 164: SecurityError: The operation is insecure.
JavaScript error: resource://devtools/client/jsonview/Sniffer.jsm, line 56: NS_ERROR_NOT_AVAILABLE: Component returned failure code: 0x80040111 (NS_ERROR_NOT_AVAILABLE) [nsIChannel.contentType]
JavaScript error: resource://devtools/client/jsonview/Sniffer.jsm, line 56: NS_ERROR_NOT_AVAILABLE: Component returned failure code: 0x80040111 (NS_ERROR_NOT_AVAILABLE) [nsIChannel.contentType]
JavaScript error: resource://devtools/client/jsonview/Sniffer.jsm, line 56: NS_ERROR_NOT_AVAILABLE: Component returned failure code: 0x80040111 (NS_ERROR_NOT_AVAILABLE) [nsIChannel.contentType]
JavaScript error: resource://devtools/client/jsonview/Sniffer.jsm, line 56: NS_ERROR_NOT_AVAILABLE: Component returned failure code: 0x80040111 (NS_ERROR_NOT_AVAILABLE) [nsIChannel.contentType]
console.info: MINT: main/search-config update being skipped
JavaScript error: https://th.thgim.com/static/js/require.min.js, line 1: Error: Script error for "feedjs"
https://requirejs.org/docs/errors.html#scripterror
JavaScript error: https://ad.lkqd.net/vpaid/vpaid.js?fusion=1.0, line 1: TypeError: l is undefined
JavaScript error: https://ad.lkqd.net/vpaid/vpaid.js?fusion=1.0, line 1: TypeError: l is undefined
JavaScript error: https://ad.lkqd.net/vpaid/vpaid.js?fusion=1.0, line 1: TypeError: l is undefined
JavaScript error: https://ad.lkqd.net/vpaid/vpaid.js?fusion=1.0, line 1: TypeError: l is undefined
JavaScript error: https://ad.lkqd.net/vpaid/vpaid.js?fusion=1.0, line 1: TypeError: l is undefined
JavaScript error: https://ad.lkqd.net/vpaid/vpaid.js?fusion=1.0, line 1: TypeError: l is undefined
JavaScript error: https://ad.lkqd.net/vpaid/vpaid.js?fusion=1.0, line 1: TypeError: l is undefined
JavaScript error: https://ad.lkqd.net/vpaid/vpaid.js?fusion=1.0, line 1: TypeError: l is undefined
JavaScript error: , line 0: uncaught exception: 7
JavaScript error: https://tpc.googlesyndication.com/pagead/js/r20201029/r20110914/client/qs_click_protection_fy2019.js, line 15: NS_ERROR_NOT_INITIALIZED: 
JavaScript error: https://www.gstatic.com/mysidia/7c516c76f1fb366b17a3e9571831221c.js?tag=video_mra/web_fig_och, line 164: SecurityError: The operation is insecure.
JavaScript error: https://tpc.googlesyndication.com/pagead/js/r20201029/r20110914/client/qs_click_protection_fy2019.js, line 15: NS_ERROR_NOT_INITIALIZED: 
JavaScript warning: https://timesofindia.indiatimes.com/etimes_login/version-90,minify-1.cms, line 92: unreachable code after return statement
JavaScript warning: https://css375.gaanacdn.com/min/?b=js&f=jquery-ui.min.js,jquery.mCustomScrollbar.concat.min.js,jquery.easing.1.3.js,songwidget/layout.js,songwidget/jquery.json.js,songwidget/swfobject.js,songwidget/loadswf.js,songwidget/trendingwidgetjsPlayer-v1.js,songwidget/hls.min2.js,songwidget/v2.js,aes.js&version=999.818&999.818, line 171: unreachable code after return statement
JavaScript warning: https://css375.gaanacdn.com/min/?b=js&f=jquery-ui.min.js,jquery.mCustomScrollbar.concat.min.js,jquery.easing.1.3.js,songwidget/layout.js,songwidget/jquery.json.js,songwidget/swfobject.js,songwidget/loadswf.js,songwidget/trendingwidgetjsPlayer-v1.js,songwidget/hls.min2.js,songwidget/v2.js,aes.js&version=999.818&999.818, line 376: unreachable code after return statement
JavaScript error: , line 0: uncaught exception: undefined
JavaScript warning: https://ajax.googleapis.com/ajax/libs/jquery/1.9.1/jquery.min.js, line 2: Using //@ to indicate sourceMappingURL pragmas is deprecated. Use //# instead
JavaScript error: , line 0: TypeError: NetworkError when attempting to fetch resource.
JavaScript error: , line 0: TypeError: NetworkError when attempting to fetch resource.
JavaScript error: , line 0: uncaught exception: undefined
JavaScript warning: https://www.greatandhra.com/js/jquery-1.3.2.js, line 19: unreachable code after return statement
JavaScript error: , line 0: uncaught exception: undefined
JavaScript error: https://andhraguide.com/movies/gossip-buzz, line 39: ReferenceError: DisplayForm is not defined
JavaScript error: https://pagead2.googlesyndication.com/pagead/js/adsbygoogle.js, line 219: uncaught exception: TagError: adsbygoogle.push() error: Only one 'enable_page_level_ads' allowed per page.
JavaScript error: https://andhraguide.com/scripts/senew.js, line 33: ReferenceError: SetHandlers is not defined
JavaScript error: resource://gre/actors/PictureInPictureChild.jsm, line 150: InvalidStateError: An attempt was made to use an object that is not, or is no longer, usable
JavaScript error: https://s8t.teads.tv/media/format/v3/teads-format.min.js, line 1: SecurityError: Permission denied to get property "href" on cross-origin object
JavaScript error: https://s8t.teads.tv/media/format/v3/teads-format.min.js, line 1: SecurityError: Permission denied to get property "href" on cross-origin object
JavaScript error: resource://gre/actors/PictureInPictureChild.jsm, line 150: InvalidStateError: An attempt was made to use an object that is not, or is no longer, usable
JavaScript error: , line 0: uncaught exception: undefined
JavaScript error: , line 0: uncaught exception: undefined
JavaScript error: https://www.celebuzz.com/, line 12: ReferenceError: getLogin is not defined
JavaScript error: , line 0: NotAllowedError: The play method is not allowed by the user agent or the platform in the current context, possibly because the user denied permission.
JavaScript error: , line 0: NotAllowedError: The play method is not allowed by the user agent or the platform in the current context, possibly because the user denied permission.
JavaScript error: , line 0: NotAllowedError: The play method is not allowed by the user agent or the platform in the current context, possibly because the user denied permission.
JavaScript error: , line 0: NotAllowedError: The play method is not allowed by the user agent or the platform in the current context, possibly because the user denied permission.
JavaScript error: , line 0: NotAllowedError: The play method is not allowed by the user agent or the platform in the current context, possibly because the user denied permission.
JavaScript error: , line 0: NotAllowedError: The play method is not allowed by the user agent or the platform in the current context, possibly because the user denied permission.
JavaScript error: , line 0: NotAllowedError: The play method is not allowed by the user agent or the platform in the current context, possibly because the user denied permission.
JavaScript error: , line 0: NotAllowedError: The play method is not allowed by the user agent or the platform in the current context, possibly because the user denied permission.
JavaScript error: resource://gre/actors/PictureInPictureChild.jsm, line 150: InvalidStateError: An attempt was made to use an object that is not, or is no longer, usable
JavaScript error: https://ajax.googleapis.com/ajax/libs/jquerymobile/1.4.5/jquery.mobile.min.js, line 4: TypeError: a.event.props is undefined
JavaScript error: https://a.pub.network/somethingawful-com/pubfig.min.js, line 1: SyntaxError: JSON.parse: unexpected end of data at line 1 column 1 of the JSON data
JavaScript warning: https://cdn.rhombusads.com/js/rh.min.js, line 2: unreachable code after return statement
JavaScript error: , line 0: uncaught exception: undefined
IPDL protocol error: Handler returned error code!

###!!! [Parent][DispatchAsyncMessage] Error: PMessagePort::Msg_PostMessages Processing error: message was deserialized, but the handler returned false (indicating failure)

JavaScript error: , line 0: EncodingError: The buffer passed to decodeAudioData contains an unknown content type.
JavaScript warning: https://cdn.rhombusads.com/js/rh.min.js, line 2: unreachable code after return statement
JavaScript error: https://secure.quantserve.com/quant.js, line 2: ReferenceError: RESOLVE is not defined
JavaScript error: https://cd.connatix.com/connatix.player.js, line 1: SecurityError: Permission denied to access property "document" on cross-origin object
JavaScript error: https://cd.connatix.com/connatix.player.js, line 1: SecurityError: Permission denied to access property "document" on cross-origin object
JavaScript error: https://cd.connatix.com/connatix.player.js, line 1: SecurityError: Permission denied to access property "document" on cross-origin object
JavaScript error: https://cd.connatix.com/connatix.player.js, line 1: SecurityError: Permission denied to access property "document" on cross-origin object
JavaScript error: https://cd.connatix.com/connatix.player.js, line 1: SecurityError: Permission denied to access property "document" on cross-origin object
JavaScript error: https://cd.connatix.com/connatix.player.js, line 1: SecurityError: Permission denied to access property "document" on cross-origin object
JavaScript error: https://cdn.concert.io/lib/concert-ads/v2-latest/concert_ads.js, line 8: ReferenceError: googletag is not defined
JavaScript error: https://phonograph2.voxmedia.com/pickup.js?v=1529075019264, line 21: TypeError: ga.getAll()[0] is undefined
JavaScript warning: https://i1.sdlcdn.com/js/1595484241844/snap/base.jquery111.min.js, line 20: unreachable code after return statement
JavaScript warning: https://i1.sdlcdn.com/js/1595484241844/snap/base.jquery111.min.js, line 23: unreachable code after return statement
JavaScript warning: https://i1.sdlcdn.com/js/1595484241844/snap/base.jquery111.min.js, line 20: unreachable code after return statement
JavaScript warning: https://i4.sdlcdn.com/js/1595484241844/snapdeal/loginIframe.min.js, line 62: unreachable code after return statement
JavaScript warning: https://i4.sdlcdn.com/js/1595484241844/snapdeal/loginIframe.min.js, line 66: unreachable code after return statement
JavaScript warning: https://i4.sdlcdn.com/js/1595484241844/snapdeal/loginIframe.min.js, line 62: unreachable code after return statement
JavaScript error: https://www.bookzhop.com/, line 338: TypeError: showcode is null
JavaScript error: https://a.pub.network/manybooks-net/pubfig.min.js, line 1: SyntaxError: JSON.parse: unexpected end of data at line 1 column 1 of the JSON data
JavaScript error: https://www.bookrix.com/js/third_party/hyphenator-patterns/en-us.js, line 3: ReferenceError: Hyphenator is not defined
JavaScript warning: https://www.free-ebooks.net/resources/js/min/jquery-1.9.1.min.js, line 2: Using //@ to indicate sourceMappingURL pragmas is deprecated. Use //# instead
JavaScript error: , line 0: uncaught exception: undefined
JavaScript error: , line 0: uncaught exception: undefined
JavaScript warning: https://www.bookchor.com/assets/frontend/layout/scripts/jquery-1.9.1.min.js?v=2, line 2: Using //@ to indicate sourceMappingURL pragmas is deprecated. Use //# instead
JavaScript error: https://www.bookchor.com/assets/global/scripts/main.js?v=2, line 1: TypeError: t is null
1604401373814	mozrunner::runner	INFO	Running command: "/usr/bin/firefox" "-marionette" "-foreground" "-no-remote" "-profile" "/tmp/rust_mozprofile.JP6MjHn1P0S1"
console.info: MINT: Trying to use the system region (based on LANG).
console.info: MINT: System region is IN
console.warn: SearchSettings: "get: No settings file exists, new profile?" (new Error("", "(unknown module)"))
1604401376720	Marionette	INFO	Listening on port 38247
1604401376852	Marionette	WARN	TLS certificate errors will be ignored for this session
console.info: MINT: Loading search-config defaults.
JavaScript error: resource://gre/modules/TelemetryUtils.jsm, line 161: TypeError: date is undefined
JavaScript error: https://www.frieze.com/ line 590 > injectedScript, line 1: ReferenceError: Optanon is not defined
1604401440987	mozrunner::runner	INFO	Running command: "/usr/bin/firefox" "-marionette" "-foreground" "-no-remote" "-profile" "/tmp/rust_mozprofile.k696jCu7N2ep"
console.info: MINT: Trying to use the system region (based on LANG).
console.info: MINT: System region is IN
console.warn: SearchSettings: "get: No settings file exists, new profile?" (new Error("", "(unknown module)"))
1604401443823	Marionette	INFO	Listening on port 39429
1604401443917	Marionette	WARN	TLS certificate errors will be ignored for this session
console.info: MINT: Loading search-config defaults.
JavaScript error: resource://gre/modules/TelemetryUtils.jsm, line 161: TypeError: date is undefined
JavaScript error: https://www.frieze.com/ line 590 > injectedScript, line 1: ReferenceError: Optanon is not defined
JavaScript error: , line 0: uncaught exception: undefined
JavaScript error: https://www.indiaglitz.com/tamil-news, line 1: ReferenceError: buildAttribution is not defined
1604401481662	Marionette	INFO	Stopped listening on port 39429
1604401536804	mozrunner::runner	INFO	Running command: "/usr/bin/firefox" "-marionette" "-foreground" "-no-remote" "-profile" "/tmp/rust_mozprofile.VAXbuEr35KG4"
console.info: MINT: Trying to use the system region (based on LANG).
console.info: MINT: System region is IN
console.warn: SearchSettings: "get: No settings file exists, new profile?" (new Error("", "(unknown module)"))
1604401539603	Marionette	INFO	Listening on port 41697
1604401539638	Marionette	WARN	TLS certificate errors will be ignored for this session
console.info: MINT: Loading search-config defaults.
JavaScript error: resource://gre/modules/TelemetryUtils.jsm, line 161: TypeError: date is undefined
JavaScript error: https://www.frieze.com/ line 590 > injectedScript, line 1: ReferenceError: Optanon is not defined
1604401548840	Marionette	INFO	Stopped listening on port 38247
1604401552559	Marionette	INFO	Stopped listening on port 43155
JavaScript error: https://cdn.cookielaw.org/scripttemplates/5.9.0/otBannerSdk.js, line 1: NetworkError: A network error occurred.
JavaScript error: , line 0: uncaught exception: undefined
1604401576641	Marionette	INFO	Stopped listening on port 41697
1604401795148	mozrunner::runner	INFO	Running command: "/usr/bin/firefox" "-marionette" "-foreground" "-no-remote" "-profile" "/tmp/rust_mozprofile.QGsPWl2BDLTW"
console.info: MINT: Trying to use the system region (based on LANG).
console.info: MINT: System region is IN
console.warn: SearchSettings: "get: No settings file exists, new profile?" (new Error("", "(unknown module)"))
1604401798021	Marionette	INFO	Listening on port 33959
1604401798078	Marionette	WARN	TLS certificate errors will be ignored for this session
console.info: MINT: Loading search-config defaults.
JavaScript error: resource://gre/modules/TelemetryUtils.jsm, line 161: TypeError: date is undefined
1604401900333	mozrunner::runner	INFO	Running command: "/usr/bin/firefox" "-marionette" "-foreground" "-no-remote" "-profile" "/tmp/rust_mozprofile.3PTHfNFnwoA1"
console.info: MINT: Trying to use the system region (based on LANG).
console.info: MINT: System region is IN
console.warn: SearchSettings: "get: No settings file exists, new profile?" (new Error("", "(unknown module)"))
1604401903137	Marionette	INFO	Listening on port 36827
1604401903173	Marionette	WARN	TLS certificate errors will be ignored for this session
1604401905777	Marionette	INFO	Stopped listening on port 33959
console.info: MINT: Loading search-config defaults.
JavaScript error: resource://gre/modules/TelemetryUtils.jsm, line 161: TypeError: date is undefined
1604401942209	mozrunner::runner	INFO	Running command: "/usr/bin/firefox" "-marionette" "-foreground" "-no-remote" "-profile" "/tmp/rust_mozprofile.FqpFv7O962y0"
console.info: MINT: Trying to use the system region (based on LANG).
console.info: MINT: System region is IN
console.warn: SearchSettings: "get: No settings file exists, new profile?" (new Error("", "(unknown module)"))
1604401945515	Marionette	INFO	Listening on port 41483
1604401945546	Marionette	WARN	TLS certificate errors will be ignored for this session
console.info: MINT: Loading search-config defaults.
JavaScript error: resource://gre/modules/TelemetryUtils.jsm, line 161: TypeError: date is undefined
JavaScript error: https://www.frieze.com/, line 1: ReferenceError: buildAttribution is not defined
JavaScript error: https://www.frieze.com/, line 1: ReferenceError: buildAttribution is not defined
JavaScript error: https://www.frieze.com/, line 1: ReferenceError: buildAttribution is not defined
JavaScript error: https://www.frieze.com/, line 1: ReferenceError: buildAttribution is not defined
1604402092958	mozrunner::runner	INFO	Running command: "/usr/bin/firefox" "-marionette" "-foreground" "-no-remote" "-profile" "/tmp/rust_mozprofile.7QTDPW75ByaB"
console.info: MINT: Trying to use the system region (based on LANG).
console.info: MINT: System region is IN
console.warn: SearchSettings: "get: No settings file exists, new profile?" (new Error("", "(unknown module)"))
1604402095886	Marionette	INFO	Listening on port 41581
1604402096036	Marionette	WARN	TLS certificate errors will be ignored for this session
console.info: MINT: Loading search-config defaults.
JavaScript error: resource://gre/modules/TelemetryUtils.jsm, line 161: TypeError: date is undefined
JavaScript error: https://www.frieze.com/ line 590 > injectedScript, line 1: ReferenceError: Optanon is not defined
JavaScript error: https://s3.amazonaws.com/downloads.mailchimp.com/js/signup-forms/popup/embed.js, line 2: Error: xhrFailed
JavaScript error: , line 0: uncaught exception: undefined
JavaScript warning: https://ajax.googleapis.com/ajax/libs/jquery/1.10.2/jquery.min.js, line 2: Using //@ to indicate sourceMappingURL pragmas is deprecated. Use //# instead
JavaScript error: https://connect.facebook.net/en_US/sdk.js?hash=c2bb7da3af29da7997dd1e257777d0cb, line 59: uncaught exception: Error: invalid version specified
JavaScript error: , line 0: uncaught exception: undefined
JavaScript warning: http://artfcity.com/wp-content/plugins/gallery-slideshow/jquery.cycle2.min.js?ver=2.1.3, line 16: Using //@ to indicate sourceMappingURL pragmas is deprecated. Use //# instead
console.info: MINT: main/search-config update being skipped
console.info: MINT: main/search-config update being skipped
JavaScript error: , line 0: TypeError: NetworkError when attempting to fetch resource.
JavaScript error: , line 0: uncaught exception: undefined
JavaScript error: https://d1s2w0upia4e9w.cloudfront.net/assets/common.22820.ce5d21672dac87c0ce03.js, line 2: Error: Request has been terminated
Possible causes: the network is offline, Origin is not allowed by Access-Control-Allow-Origin, the page is being unloaded, etc.
JavaScript error: , line 0: uncaught exception: undefined
JavaScript error: https://s7.addthis.com/js/300/addthis_widget.js#pubid=ra-5a3f668fc7d913b3, line 70: ReferenceError: _atr is not defined
JavaScript error: https://s7.addthis.com/js/300/addthis_widget.js#pubid=ra-5a3f668fc7d913b3, line 70: ReferenceError: _ate is not defined
JavaScript error: https://s7.addthis.com/js/300/addthis_widget.js#pubid=ra-5a3f668fc7d913b3, line 70: ReferenceError: _atr is not defined
JavaScript error: https://s7.addthis.com/js/300/addthis_widget.js#pubid=ra-5a3f668fc7d913b3, line 70: ReferenceError: _ate is not defined
JavaScript error: https://s7.addthis.com/js/300/addthis_widget.js#pubid=ra-5a3f668fc7d913b3, line 70: ReferenceError: _atr is not defined
JavaScript error: https://s7.addthis.com/js/300/addthis_widget.js#pubid=ra-5a3f668fc7d913b3, line 70: ReferenceError: _ate is not defined
JavaScript error: https://s7.addthis.com/js/300/addthis_widget.js#pubid=ra-5a3f668fc7d913b3, line 70: ReferenceError: _atr is not defined
JavaScript error: https://s7.addthis.com/js/300/addthis_widget.js#pubid=ra-5a3f668fc7d913b3, line 70: ReferenceError: _ate is not defined
JavaScript error: https://v1.addthisedge.com/live/boost/ra-5a3f668fc7d913b3/_ate.track.config_resp, line 1: TypeError: _ate.track.config_resp is not a function
JavaScript error: https://m.addthis.com/live/red_lojson/300lo.json?si=5fa13c6d999a9713&bkl=0&bl=1&pdt=1690&sid=5fa13c6d999a9713&pub=ra-5a3f668fc7d913b3&rev=v8.28.7-wp&ln=en&pc=men&cb=0&ab=-&dp=www.pixpa.com&fp=blog%2Fartist-portfolio-websites&fr=&of=0&pd=0&irt=0&vcl=0&md=0&ct=1&tct=0&abt=0&cdn=0&pi=1&rb=0&gen=100&chr=UTF-8&colc=1604402286078&jsl=1&uvs=5fa13c6dda249ec1000&skipb=1&callback=addthis.cbs.jsonp__310929397599762240, line 1: TypeError: addthis.cbs.jsonp__310929397599762240 is not a function
console.info: MINT: main/search-config update being skipped
JavaScript warning: https://d3e54v103j8qbb.cloudfront.net/gen/js/webflow-dashboard.min.654a20c126.js, line 1: Script terminated by timeout at:
n@https://d3e54v103j8qbb.cloudfront.net/gen/js/webflow-dashboard.min.654a20c126.js:1:40
@https://d3e54v103j8qbb.cloudfront.net/gen/js/webflow-dashboard.min.654a20c126.js:1:49037
n@https://d3e54v103j8qbb.cloudfront.net/gen/js/webflow-dashboard.min.654a20c126.js:1:110
@https://d3e54v103j8qbb.cloudfront.net/gen/js/webflow-dashboard.min.654a20c126.js:1:2757
n@https://d3e54v103j8qbb.cloudfront.net/gen/js/webflow-dashboard.min.654a20c126.js:1:110
@https://d3e54v103j8qbb.cloudfront.net/gen/js/webflow-dashboard.min.654a20c126.js:1:998
n@https://d3e54v103j8qbb.cloudfront.net/gen/js/webflow-dashboard.min.654a20c126.js:1:110
@https://d3e54v103j8qbb.cloudfront.net/gen/js/webflow-dashboard.min.654a20c126.js:1:45880
n@https://d3e54v103j8qbb.cloudfront.net/gen/js/webflow-dashboard.min.654a20c126.js:1:110
@https://d3e54v103j8qbb.cloudfront.net/gen/js/webflow-dashboard.min.654a20c126.js:1:44842
n@https://d3e54v103j8qbb.cloudfront.net/gen/js/webflow-dashboard.min.654a20c126.js:1:110
@https://d3e54v103j8qbb.cloudfront.net/gen/js/webflow-dashboard.min.654a20c126.js:1:44727
n@https://d3e54v103j8qbb.cloudfront.net/gen/js/webflow-dashboard.min.654a20c126.js:1:110
@https://d3e54v103j8qbb.cloudfront.net/gen/js/webflow-dashboard.min.654a20c126.js:1:29974
n@https://d3e54v103j8qbb.cloudfront.net/gen/js/webflow-dashboard.min.654a20c126.js:1:110
@https://d3e54v103j8qbb.cloudfront.net/gen/js/webflow-dashboard.min.654a20c126.js:1:44164
@https://d3e54v103j8qbb.cloudfront.net/gen/js/webflow-dashboard.min.654a20c126.js:1:44533
n@https://d3e54v103j8qbb.cloudfront.net/gen/js/webflow-dashboard.min.654a20c126.js:1:110
@https://d3e54v103j8qbb.cloudfront.net/gen/js/webflow-dashboard.min.654a20c126.js:1:41662
n@https://d3e54v103j8qbb.cloudfront.net/gen/js/webflow-dashboard.min.654a20c126.js:1:110
@https://d3e54v103j8qbb.cloudfront.net/gen/js/webflow-dashboard.min.654a20c126.js:1:940
@https://d3e54v103j8qbb.cloudfront.net/gen/js/webflow-dashboard.min.654a20c126.js:1:951

1604402581732	mozrunner::runner	INFO	Running command: "/usr/bin/firefox" "-marionette" "-foreground" "-no-remote" "-profile" "/tmp/rust_mozprofile.EwxBRiHuYLug"
console.info: MINT: Trying to use the system region (based on LANG).
console.info: MINT: System region is IN
console.warn: SearchSettings: "get: No settings file exists, new profile?" (new Error("", "(unknown module)"))
1604402584389	Marionette	INFO	Listening on port 40423
1604402584468	Marionette	WARN	TLS certificate errors will be ignored for this session
1604402587146	Marionette	INFO	Stopped listening on port 41581
console.info: MINT: Loading search-config defaults.
JavaScript error: resource://gre/modules/TelemetryUtils.jsm, line 161: TypeError: date is undefined
JavaScript error: https://www.frieze.com/ line 590 > injectedScript, line 1: ReferenceError: Optanon is not defined
1604402588796	Marionette	INFO	Stopped listening on port 41483
1604402589884	Marionette	INFO	Stopped listening on port 36827
JavaScript error: https://s3.amazonaws.com/downloads.mailchimp.com/js/signup-forms/popup/embed.js, line 2: Error: xhrFailed
JavaScript error: , line 0: uncaught exception: undefined
JavaScript warning: https://ajax.googleapis.com/ajax/libs/jquery/1.10.2/jquery.min.js, line 2: Using //@ to indicate sourceMappingURL pragmas is deprecated. Use //# instead
JavaScript error: https://connect.facebook.net/en_US/sdk.js?hash=c2bb7da3af29da7997dd1e257777d0cb, line 59: uncaught exception: Error: invalid version specified
JavaScript error: , line 0: uncaught exception: undefined
JavaScript warning: http://artfcity.com/wp-content/plugins/gallery-slideshow/jquery.cycle2.min.js?ver=2.1.3, line 16: Using //@ to indicate sourceMappingURL pragmas is deprecated. Use //# instead
JavaScript error: , line 0: uncaught exception: undefined
JavaScript error: , line 0: TypeError: NetworkError when attempting to fetch resource.
JavaScript error: https://d1s2w0upia4e9w.cloudfront.net/assets/common.22820.ce5d21672dac87c0ce03.js, line 2: Error: Request has been terminated
Possible causes: the network is offline, Origin is not allowed by Access-Control-Allow-Origin, the page is being unloaded, etc.
JavaScript error: https://s7.addthis.com/js/300/addthis_widget.js#pubid=ra-5a3f668fc7d913b3, line 70: ReferenceError: _atr is not defined
JavaScript error: https://s7.addthis.com/js/300/addthis_widget.js#pubid=ra-5a3f668fc7d913b3, line 70: ReferenceError: _ate is not defined
JavaScript error: https://s7.addthis.com/js/300/addthis_widget.js#pubid=ra-5a3f668fc7d913b3, line 70: ReferenceError: _atr is not defined
JavaScript error: https://s7.addthis.com/js/300/addthis_widget.js#pubid=ra-5a3f668fc7d913b3, line 70: ReferenceError: _ate is not defined
JavaScript error: https://s7.addthis.com/js/300/addthis_widget.js#pubid=ra-5a3f668fc7d913b3, line 70: ReferenceError: _atr is not defined
JavaScript error: https://s7.addthis.com/js/300/addthis_widget.js#pubid=ra-5a3f668fc7d913b3, line 70: ReferenceError: _ate is not defined
JavaScript error: https://s7.addthis.com/js/300/addthis_widget.js#pubid=ra-5a3f668fc7d913b3, line 70: ReferenceError: _atr is not defined
JavaScript error: https://s7.addthis.com/js/300/addthis_widget.js#pubid=ra-5a3f668fc7d913b3, line 70: ReferenceError: _ate is not defined
JavaScript error: https://v1.addthisedge.com/live/boost/ra-5a3f668fc7d913b3/_ate.track.config_resp, line 1: TypeError: _ate.track.config_resp is not a function
JavaScript error: https://m.addthis.com/live/red_lojson/300lo.json?si=5fa13e4df05d0c9a&bkl=0&bl=1&pdt=4580&sid=5fa13e4df05d0c9a&pub=ra-5a3f668fc7d913b3&rev=v8.28.7-wp&ln=en&pc=men&cb=0&ab=-&dp=www.pixpa.com&fp=blog%2Fartist-portfolio-websites&fr=&of=0&pd=0&irt=0&vcl=0&md=0&ct=1&tct=0&abt=0&cdn=0&pi=1&rb=0&gen=100&chr=UTF-8&colc=1604402765707&jsl=1&uvs=5fa13e4d290ee3b6000&skipb=1&callback=addthis.cbs.jsonp__165952005465963560, line 1: TypeError: addthis.cbs.jsonp__165952005465963560 is not a function
console.info: MINT: main/search-config update being skipped
1604403342639	mozrunner::runner	INFO	Running command: "/usr/bin/firefox" "-marionette" "-foreground" "-no-remote" "-profile" "/tmp/rust_mozprofile.QQ60Wi9J0NoK"
console.info: MINT: Trying to use the system region (based on LANG).
console.info: MINT: System region is IN
console.warn: SearchSettings: "get: No settings file exists, new profile?" (new Error("", "(unknown module)"))
1604403345303	Marionette	INFO	Listening on port 44585
1604403345388	Marionette	WARN	TLS certificate errors will be ignored for this session
console.info: MINT: Loading search-config defaults.
JavaScript error: resource://gre/modules/TelemetryUtils.jsm, line 161: TypeError: date is undefined
JavaScript error: https://www.frieze.com/ line 590 > injectedScript, line 1: ReferenceError: Optanon is not defined
JavaScript error: https://s3.amazonaws.com/downloads.mailchimp.com/js/signup-forms/popup/embed.js, line 2: Error: xhrFailed
JavaScript error: , line 0: uncaught exception: undefined
JavaScript warning: https://ajax.googleapis.com/ajax/libs/jquery/1.10.2/jquery.min.js, line 2: Using //@ to indicate sourceMappingURL pragmas is deprecated. Use //# instead
JavaScript error: https://connect.facebook.net/en_US/sdk.js?hash=d654f8e56077dee0822ca166033e40c8, line 59: uncaught exception: Error: invalid version specified
JavaScript error: , line 0: uncaught exception: undefined
JavaScript warning: http://artfcity.com/wp-content/plugins/gallery-slideshow/jquery.cycle2.min.js?ver=2.1.3, line 16: Using //@ to indicate sourceMappingURL pragmas is deprecated. Use //# instead
JavaScript error: , line 0: uncaught exception: undefined
JavaScript error: , line 0: TypeError: NetworkError when attempting to fetch resource.
JavaScript error: https://pagead2.googlesyndication.com/pagead/js/adsbygoogle.js, line 219: uncaught exception: TagError: adsbygoogle.push() error: No slot size for availableWidth=0
JavaScript error: , line 0: uncaught exception: undefined
JavaScript error: , line 0: uncaught exception: undefined
JavaScript error: https://s7.addthis.com/js/300/addthis_widget.js#pubid=ra-5a3f668fc7d913b3, line 70: ReferenceError: _atr is not defined
JavaScript error: https://s7.addthis.com/js/300/addthis_widget.js#pubid=ra-5a3f668fc7d913b3, line 70: ReferenceError: _ate is not defined
JavaScript error: https://s7.addthis.com/js/300/addthis_widget.js#pubid=ra-5a3f668fc7d913b3, line 70: ReferenceError: _atr is not defined
JavaScript error: https://s7.addthis.com/js/300/addthis_widget.js#pubid=ra-5a3f668fc7d913b3, line 70: ReferenceError: _ate is not defined
JavaScript error: https://s7.addthis.com/js/300/addthis_widget.js#pubid=ra-5a3f668fc7d913b3, line 70: ReferenceError: _atr is not defined
JavaScript error: https://s7.addthis.com/js/300/addthis_widget.js#pubid=ra-5a3f668fc7d913b3, line 70: ReferenceError: _ate is not defined
JavaScript error: https://s7.addthis.com/js/300/addthis_widget.js#pubid=ra-5a3f668fc7d913b3, line 70: ReferenceError: _atr is not defined
JavaScript error: https://s7.addthis.com/js/300/addthis_widget.js#pubid=ra-5a3f668fc7d913b3, line 70: ReferenceError: _ate is not defined
JavaScript error: https://v1.addthisedge.com/live/boost/ra-5a3f668fc7d913b3/_ate.track.config_resp, line 1: TypeError: _ate.track.config_resp is not a function
JavaScript error: https://m.addthis.com/live/red_lojson/300lo.json?si=5fa141478c8d0b61&bkl=0&bl=1&pdt=1858&sid=5fa141478c8d0b61&pub=ra-5a3f668fc7d913b3&rev=v8.28.7-wp&ln=en&pc=men&cb=0&ab=-&dp=www.pixpa.com&fp=blog%2Fartist-portfolio-websites&fr=&of=0&pd=0&irt=0&vcl=0&md=0&ct=1&tct=0&abt=0&cdn=0&pi=1&rb=0&gen=100&chr=UTF-8&colc=1604403527374&jsl=1&uvs=5fa1414764ee9ceb000&skipb=1&callback=addthis.cbs.jsonp__1599649002101220, line 1: TypeError: addthis.cbs.jsonp__1599649002101220 is not a function
JavaScript error: , line 0: uncaught exception: undefined
JavaScript error: https://webflow.com/dashboard/signup-modal line 1 > injectedScript, line 1: SecurityError: Permission denied to access property "analytics" on cross-origin object
1604403596917	mozrunner::runner	INFO	Running command: "/usr/bin/firefox" "-marionette" "-foreground" "-no-remote" "-profile" "/tmp/rust_mozprofile.WawxzWiQSNSp"
console.info: MINT: Trying to use the system region (based on LANG).
console.info: MINT: System region is IN
console.warn: SearchSettings: "get: No settings file exists, new profile?" (new Error("", "(unknown module)"))
1604403599643	Marionette	INFO	Listening on port 35343
1604403599752	Marionette	WARN	TLS certificate errors will be ignored for this session
console.info: MINT: Loading search-config defaults.
JavaScript error: resource://gre/modules/TelemetryUtils.jsm, line 161: TypeError: date is undefined
JavaScript error: https://www.frieze.com/ line 590 > injectedScript, line 1: ReferenceError: Optanon is not defined
JavaScript error: , line 0: uncaught exception: undefined
JavaScript error: https://s3.amazonaws.com/downloads.mailchimp.com/js/signup-forms/popup/embed.js, line 2: Error: xhrFailed
console.info: MINT: main/search-config update being skipped
JavaScript error: https://cdn.permutive.com/3d2fb0bd-52fc-4b75-aaf5-2d436c172540-web.js, line 1: Error: TypeError: Network request timed out
JavaScript error: https://cdn.permutive.com/3d2fb0bd-52fc-4b75-aaf5-2d436c172540-web.js, line 1: Error: TypeError: Network request timed out
JavaScript error: , line 0: uncaught exception: undefined
JavaScript error: https://cdn.permutive.com/3d2fb0bd-52fc-4b75-aaf5-2d436c172540-web.js, line 1: Error: TypeError: Network request timed out
JavaScript error: https://cdn.permutive.com/3d2fb0bd-52fc-4b75-aaf5-2d436c172540-web.js, line 1: Error: TypeError: Network request timed out
JavaScript error: https://cdn.permutive.com/3d2fb0bd-52fc-4b75-aaf5-2d436c172540-web.js, line 1: Error: TypeError: Network request timed out
JavaScript error: , line 0: uncaught exception: undefined
JavaScript warning: https://ajax.googleapis.com/ajax/libs/jquery/1.10.2/jquery.min.js, line 2: Using //@ to indicate sourceMappingURL pragmas is deprecated. Use //# instead
JavaScript error: https://connect.facebook.net/en_US/sdk.js?hash=d654f8e56077dee0822ca166033e40c8, line 59: uncaught exception: Error: invalid version specified
JavaScript warning: http://artfcity.com/wp-content/plugins/gallery-slideshow/jquery.cycle2.min.js?ver=2.1.3, line 16: Using //@ to indicate sourceMappingURL pragmas is deprecated. Use //# instead
JavaScript error: , line 0: uncaught exception: undefined
JavaScript error: , line 0: TypeError: NetworkError when attempting to fetch resource.
JavaScript error: https://pagead2.googlesyndication.com/pagead/js/adsbygoogle.js, line 219: uncaught exception: TagError: adsbygoogle.push() error: No slot size for availableWidth=0
JavaScript error: , line 0: uncaught exception: undefined
JavaScript error: , line 0: uncaught exception: undefined
JavaScript error: https://s7.addthis.com/js/300/addthis_widget.js#pubid=ra-5a3f668fc7d913b3, line 70: ReferenceError: _atr is not defined
JavaScript error: https://s7.addthis.com/js/300/addthis_widget.js#pubid=ra-5a3f668fc7d913b3, line 70: ReferenceError: _atr is not defined
JavaScript error: https://s7.addthis.com/js/300/addthis_widget.js#pubid=ra-5a3f668fc7d913b3, line 70: ReferenceError: _atr is not defined
JavaScript error: https://s7.addthis.com/js/300/addthis_widget.js#pubid=ra-5a3f668fc7d913b3, line 70: ReferenceError: _ate is not defined
JavaScript error: https://s7.addthis.com/js/300/addthis_widget.js#pubid=ra-5a3f668fc7d913b3, line 70: ReferenceError: _atr is not defined
JavaScript error: https://s7.addthis.com/js/300/addthis_widget.js#pubid=ra-5a3f668fc7d913b3, line 70: ReferenceError: _ate is not defined
JavaScript error: https://s7.addthis.com/js/300/addthis_widget.js#pubid=ra-5a3f668fc7d913b3, line 70: ReferenceError: _atr is not defined
JavaScript error: https://s7.addthis.com/js/300/addthis_widget.js#pubid=ra-5a3f668fc7d913b3, line 70: ReferenceError: _ate is not defined
JavaScript error: https://s7.addthis.com/js/300/addthis_widget.js#pubid=ra-5a3f668fc7d913b3, line 70: ReferenceError: _atr is not defined
JavaScript error: https://s7.addthis.com/js/300/addthis_widget.js#pubid=ra-5a3f668fc7d913b3, line 70: ReferenceError: _ate is not defined
JavaScript error: https://m.addthis.com/live/red_lojson/300lo.json?si=5fa14240ea1f4954&bkl=0&bl=1&pdt=1805&sid=5fa14240ea1f4954&pub=ra-5a3f668fc7d913b3&rev=v8.28.7-wp&ln=en&pc=men&cb=0&ab=-&dp=www.pixpa.com&fp=blog%2Fartist-portfolio-websites&fr=&of=0&pd=0&irt=0&vcl=0&md=0&ct=1&tct=0&abt=0&cdn=0&pi=1&rb=0&gen=100&chr=UTF-8&colc=1604403776488&jsl=1&uvs=5fa14240684aa39b000&skipb=1&callback=addthis.cbs.jsonp__0071829943719640130, line 1: TypeError: addthis.cbs.jsonp__0071829943719640130 is not a function
JavaScript error: https://v1.addthisedge.com/live/boost/ra-5a3f668fc7d913b3/_ate.track.config_resp, line 1: TypeError: _ate.track.config_resp is not a function
JavaScript error: , line 0: uncaught exception: undefined
console.info: MINT: main/search-config update being skipped
1604403982698	mozrunner::runner	INFO	Running command: "/usr/bin/firefox" "-marionette" "-foreground" "-no-remote" "-profile" "/tmp/rust_mozprofile.QkKHWgxmC4gb"
console.info: MINT: Trying to use the system region (based on LANG).
console.info: MINT: System region is IN
console.warn: SearchSettings: "get: No settings file exists, new profile?" (new Error("", "(unknown module)"))
1604403985567	Marionette	INFO	Listening on port 39021
1604403985634	Marionette	WARN	TLS certificate errors will be ignored for this session
JavaScript error: https://www.frieze.com/ line 590 > injectedScript, line 1: ReferenceError: Optanon is not defined
console.info: MINT: Loading search-config defaults.
JavaScript error: resource://gre/modules/TelemetryUtils.jsm, line 161: TypeError: date is undefined
1604403989584	Marionette	INFO	Stopped listening on port 40423
1604403990426	Marionette	INFO	Stopped listening on port 44585
1604403991654	Marionette	INFO	Stopped listening on port 35343
JavaScript error: https://s3.amazonaws.com/downloads.mailchimp.com/js/signup-forms/popup/embed.js, line 2: Error: xhrFailed
JavaScript error: , line 0: uncaught exception: undefined
JavaScript warning: https://ajax.googleapis.com/ajax/libs/jquery/1.10.2/jquery.min.js, line 2: Using //@ to indicate sourceMappingURL pragmas is deprecated. Use //# instead
JavaScript error: https://connect.facebook.net/en_US/sdk.js?hash=d654f8e56077dee0822ca166033e40c8, line 59: uncaught exception: Error: invalid version specified
JavaScript warning: http://artfcity.com/wp-content/plugins/gallery-slideshow/jquery.cycle2.min.js?ver=2.1.3, line 16: Using //@ to indicate sourceMappingURL pragmas is deprecated. Use //# instead
JavaScript error: https://pagead2.googlesyndication.com/pagead/js/adsbygoogle.js, line 219: uncaught exception: TagError: adsbygoogle.push() error: No slot size for availableWidth=0
JavaScript error: , line 0: uncaught exception: undefined
JavaScript error: , line 0: uncaught exception: undefined
JavaScript error: https://s7.addthis.com/js/300/addthis_widget.js#pubid=ra-5a3f668fc7d913b3, line 70: ReferenceError: _atr is not defined
JavaScript error: https://s7.addthis.com/js/300/addthis_widget.js#pubid=ra-5a3f668fc7d913b3, line 70: ReferenceError: _ate is not defined
JavaScript error: https://s7.addthis.com/js/300/addthis_widget.js#pubid=ra-5a3f668fc7d913b3, line 70: ReferenceError: _atr is not defined
JavaScript error: https://s7.addthis.com/js/300/addthis_widget.js#pubid=ra-5a3f668fc7d913b3, line 70: ReferenceError: _ate is not defined
JavaScript error: https://s7.addthis.com/js/300/addthis_widget.js#pubid=ra-5a3f668fc7d913b3, line 70: ReferenceError: _atr is not defined
JavaScript error: https://s7.addthis.com/js/300/addthis_widget.js#pubid=ra-5a3f668fc7d913b3, line 70: ReferenceError: _ate is not defined
JavaScript error: https://s7.addthis.com/js/300/addthis_widget.js#pubid=ra-5a3f668fc7d913b3, line 70: ReferenceError: _atr is not defined
JavaScript error: https://s7.addthis.com/js/300/addthis_widget.js#pubid=ra-5a3f668fc7d913b3, line 70: ReferenceError: _ate is not defined
JavaScript error: https://v1.addthisedge.com/live/boost/ra-5a3f668fc7d913b3/_ate.track.config_resp, line 1: TypeError: _ate.track.config_resp is not a function
JavaScript error: https://m.addthis.com/live/red_lojson/300lo.json?si=5fa143b46716aaba&bkl=0&bl=1&pdt=1729&sid=5fa143b46716aaba&pub=ra-5a3f668fc7d913b3&rev=v8.28.7-wp&ln=en&pc=men&cb=0&ab=-&dp=www.pixpa.com&fp=blog%2Fartist-portfolio-websites&fr=&of=0&pd=0&irt=0&vcl=0&md=0&ct=1&tct=0&abt=0&cdn=0&pi=1&rb=0&gen=100&chr=UTF-8&colc=1604404148542&jsl=1&uvs=5fa143b484fae703000&skipb=1&callback=addthis.cbs.jsonp__7549102786310410, line 1: TypeError: addthis.cbs.jsonp__7549102786310410 is not a function
JavaScript error: https://th.thgim.com/static/js/require.min.js, line 1: Error: Script error for "theme"
https://requirejs.org/docs/errors.html#scripterror
JavaScript error: https://th.thgim.com/static/js/require.min.js, line 1: Error: Script error for "feedjs"
https://requirejs.org/docs/errors.html#scripterror
JavaScript error: https://imasdk.googleapis.com/formats/outstream/versioned/prod2/outstream_web_client_20201028_RC00/outstream.min.js, line 441: SecurityError: The operation is insecure.
JavaScript error: resource://devtools/client/jsonview/Sniffer.jsm, line 56: NS_ERROR_NOT_AVAILABLE: Component returned failure code: 0x80040111 (NS_ERROR_NOT_AVAILABLE) [nsIChannel.contentType]
JavaScript error: https://tpc.googlesyndication.com/pagead/js/r20201029/r20110914/client/qs_click_protection_fy2019.js, line 15: NS_ERROR_NOT_INITIALIZED: 
JavaScript warning: https://timesofindia.indiatimes.com/etimes_login/version-90,minify-1.cms, line 92: unreachable code after return statement
JavaScript warning: https://css375.gaanacdn.com/min/?b=js&f=jquery-ui.min.js,jquery.mCustomScrollbar.concat.min.js,jquery.easing.1.3.js,songwidget/layout.js,songwidget/jquery.json.js,songwidget/swfobject.js,songwidget/loadswf.js,songwidget/trendingwidgetjsPlayer-v1.js,songwidget/hls.min2.js,songwidget/v2.js,aes.js&version=999.818&999.818, line 171: unreachable code after return statement
JavaScript warning: https://css375.gaanacdn.com/min/?b=js&f=jquery-ui.min.js,jquery.mCustomScrollbar.concat.min.js,jquery.easing.1.3.js,songwidget/layout.js,songwidget/jquery.json.js,songwidget/swfobject.js,songwidget/loadswf.js,songwidget/trendingwidgetjsPlayer-v1.js,songwidget/hls.min2.js,songwidget/v2.js,aes.js&version=999.818&999.818, line 376: unreachable code after return statement
JavaScript error: , line 0: uncaught exception: undefined
console.info: MINT: main/search-config update being skipped
JavaScript warning: https://ajax.googleapis.com/ajax/libs/jquery/1.9.1/jquery.min.js, line 2: Using //@ to indicate sourceMappingURL pragmas is deprecated. Use //# instead
JavaScript error: , line 0: TypeError: NetworkError when attempting to fetch resource.
JavaScript error: , line 0: TypeError: NetworkError when attempting to fetch resource.
JavaScript warning: https://www.greatandhra.com/js/jquery-1.3.2.js, line 19: unreachable code after return statement
JavaScript error: , line 0: uncaught exception: undefined
JavaScript error: https://andhraguide.com/movies/gossip-buzz, line 39: ReferenceError: DisplayForm is not defined
JavaScript error: https://tpc.googlesyndication.com/pagead/js/r20201029/r20110914/client/qs_click_protection_fy2019.js, line 15: NS_ERROR_NOT_INITIALIZED: 
JavaScript error: https://pagead2.googlesyndication.com/pagead/js/adsbygoogle.js, line 219: uncaught exception: TagError: adsbygoogle.push() error: Only one 'enable_page_level_ads' allowed per page.
JavaScript error: https://andhraguide.com/scripts/senew.js, line 33: ReferenceError: SetHandlers is not defined
JavaScript error: , line 0: uncaught exception: undefined
JavaScript error: resource://gre/actors/PictureInPictureChild.jsm, line 150: InvalidStateError: An attempt was made to use an object that is not, or is no longer, usable
JavaScript error: resource://gre/actors/PictureInPictureChild.jsm, line 150: InvalidStateError: An attempt was made to use an object that is not, or is no longer, usable
JavaScript warning: https://i1.sdlcdn.com/js/1595484241844/snap/base.jquery111.min.js, line 20: unreachable code after return statement
JavaScript warning: https://i1.sdlcdn.com/js/1595484241844/snap/base.jquery111.min.js, line 23: unreachable code after return statement
JavaScript warning: https://i1.sdlcdn.com/js/1595484241844/snap/base.jquery111.min.js, line 20: unreachable code after return statement
JavaScript warning: https://i4.sdlcdn.com/js/1595484241844/snapdeal/loginIframe.min.js, line 62: unreachable code after return statement
JavaScript warning: https://i4.sdlcdn.com/js/1595484241844/snapdeal/loginIframe.min.js, line 66: unreachable code after return statement
JavaScript warning: https://i4.sdlcdn.com/js/1595484241844/snapdeal/loginIframe.min.js, line 62: unreachable code after return statement
JavaScript warning: https://i1.sdlcdn.com/js/1595484241844/snap/base.jquery111.min.js, line 23: unreachable code after return statement
JavaScript error: https://www.bookzhop.com/, line 338: TypeError: showcode is null
JavaScript error: https://a.pub.network/manybooks-net/pubfig.min.js, line 1: SyntaxError: JSON.parse: unexpected end of data at line 1 column 1 of the JSON data
JavaScript error: https://www.bookrix.com/js/third_party/hyphenator-patterns/en-us.js, line 3: ReferenceError: Hyphenator is not defined
JavaScript warning: https://www.free-ebooks.net/resources/js/min/jquery-1.9.1.min.js, line 2: Using //@ to indicate sourceMappingURL pragmas is deprecated. Use //# instead
JavaScript error: , line 0: uncaught exception: undefined
JavaScript error: , line 0: uncaught exception: undefined
JavaScript warning: https://www.bookchor.com/assets/frontend/layout/scripts/jquery-1.9.1.min.js?v=2, line 2: Using //@ to indicate sourceMappingURL pragmas is deprecated. Use //# instead
JavaScript error: https://www.bookchor.com/assets/global/scripts/main.js?v=2, line 1: TypeError: t is null
1604404542921	Marionette	INFO	Stopped listening on port 39021
1604405207935	mozrunner::runner	INFO	Running command: "/usr/bin/firefox" "-marionette" "-foreground" "-no-remote" "-profile" "/tmp/rust_mozprofile.INyp6mFnFoFc"
console.info: MINT: Trying to use the system region (based on LANG).
console.info: MINT: System region is IN
console.warn: SearchSettings: "get: No settings file exists, new profile?" (new Error("", "(unknown module)"))
1604405210622	Marionette	INFO	Listening on port 41155
1604405210673	Marionette	WARN	TLS certificate errors will be ignored for this session
console.info: MINT: Loading search-config defaults.
JavaScript error: resource://gre/modules/TelemetryUtils.jsm, line 161: TypeError: date is undefined
JavaScript warning: https://i1.sdlcdn.com/js/1595484241844/snap/base.jquery111.min.js, line 20: unreachable code after return statement
JavaScript warning: https://i1.sdlcdn.com/js/1595484241844/snap/base.jquery111.min.js, line 23: unreachable code after return statement
JavaScript warning: https://i1.sdlcdn.com/js/1595484241844/snap/base.jquery111.min.js, line 20: unreachable code after return statement
JavaScript warning: https://i4.sdlcdn.com/js/1595484241844/snapdeal/loginIframe.min.js, line 62: unreachable code after return statement
JavaScript warning: https://i4.sdlcdn.com/js/1595484241844/snapdeal/loginIframe.min.js, line 66: unreachable code after return statement
JavaScript warning: https://i4.sdlcdn.com/js/1595484241844/snapdeal/loginIframe.min.js, line 62: unreachable code after return statement
JavaScript error: https://www.gstatic.com/firebasejs/7.2.0/firebase-analytics.js, line 1: Error: Cannot instantiate firebase-analytics - be sure to load firebase-app.js first.
JavaScript error: https://www.gstatic.com/firebasejs/7.2.0/firebase-messaging.js, line 1: Error: Cannot instantiate firebase-messaging - be sure to load firebase-app.js first.
JavaScript error: https://cdn-v2.sapnaonline.com/static/js/app.min.js, line 2: ReferenceError: firebase is not defined
JavaScript error: https://www.bookzhop.com/, line 338: TypeError: showcode is null
JavaScript error: https://a.pub.network/manybooks-net/pubfig.min.js, line 1: SyntaxError: JSON.parse: unexpected end of data at line 1 column 1 of the JSON data
JavaScript error: https://www.gstatic.com/mysidia/7c516c76f1fb366b17a3e9571831221c.js?tag=video_mra/web_fig_och, line 164: SecurityError: The operation is insecure.
JavaScript error: https://www.gstatic.com/mysidia/7c516c76f1fb366b17a3e9571831221c.js?tag=video_mra/web_fig_och, line 164: SecurityError: The operation is insecure.
IPDL protocol error: Handler returned error code!

###!!! [Parent][DispatchAsyncMessage] Error: PMessagePort::Msg_PostMessages Processing error: message was deserialized, but the handler returned false (indicating failure)

JavaScript warning: https://www.free-ebooks.net/resources/js/min/jquery-1.9.1.min.js, line 2: Using //@ to indicate sourceMappingURL pragmas is deprecated. Use //# instead
JavaScript warning: https://www.bookchor.com/assets/frontend/layout/scripts/jquery-1.9.1.min.js?v=2, line 2: Using //@ to indicate sourceMappingURL pragmas is deprecated. Use //# instead
JavaScript error: https://www.bookchor.com/assets/global/scripts/main.js?v=2, line 1: TypeError: t is null
1604405361589	Marionette	INFO	Stopped listening on port 41155
1604405455843	mozrunner::runner	INFO	Running command: "/usr/bin/firefox" "-marionette" "-foreground" "-no-remote" "-profile" "/tmp/rust_mozprofile.WdDs22BPJbTn"
console.info: MINT: Trying to use the system region (based on LANG).
console.info: MINT: System region is IN
console.warn: SearchSettings: "get: No settings file exists, new profile?" (new Error("", "(unknown module)"))
1604405458554	Marionette	INFO	Listening on port 34045
1604405458672	Marionette	WARN	TLS certificate errors will be ignored for this session
console.info: MINT: Loading search-config defaults.
JavaScript error: resource://gre/modules/TelemetryUtils.jsm, line 161: TypeError: date is undefined
1604405600280	mozrunner::runner	INFO	Running command: "/usr/bin/firefox" "-marionette" "-foreground" "-no-remote" "-profile" "/tmp/rust_mozprofile.VFKIms6rTLv0"
console.info: MINT: Trying to use the system region (based on LANG).
console.info: MINT: System region is IN
console.warn: SearchSettings: "get: No settings file exists, new profile?" (new Error("", "(unknown module)"))
1604405603164	Marionette	INFO	Listening on port 37599
1604405603211	Marionette	WARN	TLS certificate errors will be ignored for this session
1604405605560	Marionette	INFO	Stopped listening on port 34045
console.info: MINT: Loading search-config defaults.
JavaScript error: resource://gre/modules/TelemetryUtils.jsm, line 161: TypeError: date is undefined
JavaScript warning: https://i1.sdlcdn.com/js/1595484241844/snap/base.jquery111.min.js, line 20: unreachable code after return statement
JavaScript warning: https://i1.sdlcdn.com/js/1595484241844/snap/base.jquery111.min.js, line 23: unreachable code after return statement
JavaScript warning: https://i1.sdlcdn.com/js/1595484241844/snap/base.jquery111.min.js, line 20: unreachable code after return statement
JavaScript warning: https://i4.sdlcdn.com/js/1595484241844/snapdeal/loginIframe.min.js, line 62: unreachable code after return statement
JavaScript warning: https://i4.sdlcdn.com/js/1595484241844/snapdeal/loginIframe.min.js, line 66: unreachable code after return statement
JavaScript warning: https://i4.sdlcdn.com/js/1595484241844/snapdeal/loginIframe.min.js, line 62: unreachable code after return statement
JavaScript warning: https://i1.sdlcdn.com/js/1595484241844/snap/base.jquery111.min.js, line 23: unreachable code after return statement
JavaScript error: https://www.bookzhop.com/, line 338: TypeError: showcode is null
JavaScript error: https://a.pub.network/manybooks-net/pubfig.min.js, line 1: SyntaxError: JSON.parse: unexpected end of data at line 1 column 1 of the JSON data
JavaScript warning: https://www.free-ebooks.net/resources/js/min/jquery-1.9.1.min.js, line 2: Using //@ to indicate sourceMappingURL pragmas is deprecated. Use //# instead
JavaScript error: , line 0: uncaught exception: undefined
JavaScript warning: https://www.bookchor.com/assets/frontend/layout/scripts/jquery-1.9.1.min.js?v=2, line 2: Using //@ to indicate sourceMappingURL pragmas is deprecated. Use //# instead
JavaScript error: https://www.bookchor.com/assets/global/scripts/main.js?v=2, line 1: TypeError: t is null
1604405754705	Marionette	INFO	Stopped listening on port 37599
